<?xml version="1.0" encoding="UTF-8"?>
<!-- Generated by org.testng.reporters.JUnitReportReporter -->
<testsuite hostname="DESKTOP-PL606OO" failures="0" tests="1" name="tests.UploadImageTest" time="4.182" errors="0" timestamp="2020-05-20T22:33:11 EET" skipped="0">
  <testcase classname="tests.UploadImageTest" name="CLickFileUpload" time="4.182"/>
  <system-out/>
</testsuite> <!-- tests.UploadImageTest -->
