<?xml version="1.0" encoding="UTF-8"?>
<!-- Generated by org.testng.reporters.JUnitReportReporter -->
<testsuite hostname="DESKTOP-PL606OO" failures="0" tests="1" name="tests.DynamicLoadingTest" time="7.007" errors="0" timestamp="2020-05-23T00:40:21 EET" skipped="0">
  <testcase classname="tests.DynamicLoadingTest" name="DynamicLoading" time="7.007"/>
  <system-out/>
</testsuite> <!-- tests.DynamicLoadingTest -->
