<?xml version="1.0" encoding="UTF-8"?>
<!-- Generated by org.testng.reporters.JUnitReportReporter -->
<testsuite hostname="DESKTOP-PL606OO" failures="0" tests="1" name="tests.UploadImage" time="5.387" errors="0" timestamp="2020-05-23T00:40:21 EET" skipped="0">
  <testcase classname="tests.UploadImage" name="FileUpload" time="5.387"/>
  <system-out/>
</testsuite> <!-- tests.UploadImage -->
