<?xml version="1.0" encoding="UTF-8"?>
<!-- Generated by org.testng.reporters.JUnitReportReporter -->
<testsuite hostname="DESKTOP-PL606OO" failures="0" tests="1" name="tests.UploadImageLinkClick" time="9.737" errors="0" timestamp="2020-05-20T23:22:55 EET" skipped="0">
  <testcase classname="tests.UploadImageLinkClick" name="CLickFileUpload" time="9.737"/>
  <system-out/>
</testsuite> <!-- tests.UploadImageLinkClick -->
