<?xml version="1.0" encoding="UTF-8"?>
<!-- Generated by org.testng.reporters.JUnitReportReporter -->
<testsuite hostname="DESKTOP-PL606OO" failures="0" tests="1" name="tests.CatFactsAPITest" time="2.509" errors="0" timestamp="2020-05-23T00:40:21 EET" skipped="0">
  <testcase classname="tests.CatFactsAPITest" name="requestRandomCatFact" time="2.509"/>
  <system-out>
Fact is : A cat will tremble or shiver when it is extreme pain. Source is :  api type is : cat {"used":false,"source":"api","type":"cat","deleted":false,"_id":"591f98703b90f7150a19c163","__v":0,"text":"A cat will tremble or shiver when it is extreme pain.","updatedAt":"2020-05-10T20:20:11.457Z","createdAt":"2018-05-07T20:20:02.633Z","status":{"verified":true,"sentCount":1},"user":"5a9ac18c7478810ea6c06381"}  </system-out>
</testsuite> <!-- tests.CatFactsAPITest -->
